The target system is: Android - 1 - armv7-a
The host system is: Linux - 4.18.0-15-generic - x86_64
Determining if the C compiler works passed with the following output:
Change Dir: /mnt/sda1/Program Codes/GitRepository/GitHubByxl9605/ICT-TianYan_AndroidCDS/AndroidCDS_Client/app/.externalNativeBuild/cmake/debug/armeabi-v7a/CMakeFiles/CMakeTmp

Run Build Command:"/usr/local/bin/ninja" "cmTC_8d469"
[1/2] Building C object CMakeFiles/cmTC_8d469.dir/testCCompiler.c.o
[2/2] Linking C executable cmTC_8d469


Detecting C compiler ABI info compiled with the following output:
Change Dir: /mnt/sda1/Program Codes/GitRepository/GitHubByxl9605/ICT-TianYan_AndroidCDS/AndroidCDS_Client/app/.externalNativeBuild/cmake/debug/armeabi-v7a/CMakeFiles/CMakeTmp

Run Build Command:"/usr/local/bin/ninja" "cmTC_d1007"
[1/2] Building C object CMakeFiles/cmTC_d1007.dir/CMakeCCompilerABI.c.o
[2/2] Linking C executable cmTC_d1007
Android (5058415 based on r339409) clang version 8.0.2 (https://android.googlesource.com/toolchain/clang 40173bab62ec746213857d083c0e8b0abb568790) (https://android.googlesource.com/toolchain/llvm 7a6618d69e7e8111e1d49dc9e7813767c5ca756a) (based on LLVM 8.0.2svn)
Target: armv7-none-linux-android21
Thread model: posix
InstalledDir: /home/xuliang/.local/Android_Studio/Android_SDK/ndk-bundle/toolchains/llvm/prebuilt/linux-x86_64/bin
Found candidate GCC installation: /home/xuliang/.local/Android_Studio/Android_SDK/ndk-bundle/toolchains/llvm/prebuilt/linux-x86_64/lib/gcc/arm-linux-androideabi/4.9.x
Selected GCC installation: /home/xuliang/.local/Android_Studio/Android_SDK/ndk-bundle/toolchains/llvm/prebuilt/linux-x86_64/lib/gcc/arm-linux-androideabi/4.9.x
Candidate multilib: thumb;@mthumb
Candidate multilib: armv7-a;@march=armv7-a
Candidate multilib: armv7-a/thumb;@march=armv7-a@mthumb
Candidate multilib: .;
Selected multilib: armv7-a/thumb;@march=armv7-a@mthumb
 "/home/xuliang/.local/Android_Studio/Android_SDK/ndk-bundle/toolchains/llvm/prebuilt/linux-x86_64/lib/gcc/arm-linux-androideabi/4.9.x/../../../../arm-linux-androideabi/bin/ld" --sysroot=/home/xuliang/.local/Android_Studio/Android_SDK/ndk-bundle/toolchains/llvm/prebuilt/linux-x86_64/sysroot -pie -z relro -X --enable-new-dtags --eh-frame-hdr -m armelf_linux_eabi -dynamic-linker /system/bin/linker -o cmTC_d1007 /home/xuliang/.local/Android_Studio/Android_SDK/ndk-bundle/toolchains/llvm/prebuilt/linux-x86_64/sysroot/usr/lib/arm-linux-androideabi/21/crtbegin_dynamic.o -L/home/xuliang/.local/Android_Studio/Android_SDK/ndk-bundle/toolchains/llvm/prebuilt/linux-x86_64/lib64/clang/8.0.2/lib/linux/arm -L/home/xuliang/.local/Android_Studio/Android_SDK/ndk-bundle/toolchains/llvm/prebuilt/linux-x86_64/lib/gcc/arm-linux-androideabi/4.9.x/armv7-a/thumb -L/home/xuliang/.local/Android_Studio/Android_SDK/ndk-bundle/toolchains/llvm/prebuilt/linux-x86_64/lib/gcc/arm-linux-androideabi/4.9.x/../../../../arm-linux-androideabi/lib/../lib/armv7-a/thumb -L/home/xuliang/.local/Android_Studio/Android_SDK/ndk-bundle/toolchains/llvm/prebuilt/linux-x86_64/sysroot/usr/lib/arm-linux-androideabi/21 -L/home/xuliang/.local/Android_Studio/Android_SDK/ndk-bundle/toolchains/llvm/prebuilt/linux-x86_64/sysroot/usr/lib/arm-linux-androideabi -L/home/xuliang/.local/Android_Studio/Android_SDK/ndk-bundle/toolchains/llvm/prebuilt/linux-x86_64/sysroot/usr/lib/../lib -L/home/xuliang/.local/Android_Studio/Android_SDK/ndk-bundle/toolchains/llvm/prebuilt/linux-x86_64/sysroot/usr/lib/arm-linux-androideabi/../../lib -L/home/xuliang/.local/Android_Studio/Android_SDK/ndk-bundle/toolchains/llvm/prebuilt/linux-x86_64/lib/gcc/arm-linux-androideabi/4.9.x/../../../../arm-linux-androideabi/lib/armv7-a/thumb -L/home/xuliang/.local/Android_Studio/Android_SDK/ndk-bundle/toolchains/llvm/prebuilt/linux-x86_64/sysroot/usr/lib --exclude-libs libgcc.a --exclude-libs libatomic.a --build-id --warn-shared-textrel --fatal-warnings --exclude-libs libunwind.a --no-undefined -z noexecstack -z relro -z now --gc-sections CMakeFiles/cmTC_d1007.dir/CMakeCCompilerABI.c.o -lgcc -ldl -lc -lgcc -ldl /home/xuliang/.local/Android_Studio/Android_SDK/ndk-bundle/toolchains/llvm/prebuilt/linux-x86_64/sysroot/usr/lib/arm-linux-androideabi/21/crtend_android.o


Parsed C implicit link information from above output:
  link line regex: [^( *|.*[/\])(arm-linux-androideabi-ld|CMAKE_LINK_STARTFILE-NOTFOUND|([^/\]+-)?ld|collect2)[^/\]*( |$)]
  ignore line: [Change Dir: /mnt/sda1/Program Codes/GitRepository/GitHubByxl9605/ICT-TianYan_AndroidCDS/AndroidCDS_Client/app/.externalNativeBuild/cmake/debug/armeabi-v7a/CMakeFiles/CMakeTmp]
  ignore line: []
  ignore line: [Run Build Command:"/usr/local/bin/ninja" "cmTC_d1007"]
  ignore line: [[1/2] Building C object CMakeFiles/cmTC_d1007.dir/CMakeCCompilerABI.c.o]
  ignore line: [[2/2] Linking C executable cmTC_d1007]
  ignore line: [Android (5058415 based on r339409) clang version 8.0.2 (https://android.googlesource.com/toolchain/clang 40173bab62ec746213857d083c0e8b0abb568790) (https://android.googlesource.com/toolchain/llvm 7a6618d69e7e8111e1d49dc9e7813767c5ca756a) (based on LLVM 8.0.2svn)]
  ignore line: [Target: armv7-none-linux-android21]
  ignore line: [Thread model: posix]
  ignore line: [InstalledDir: /home/xuliang/.local/Android_Studio/Android_SDK/ndk-bundle/toolchains/llvm/prebuilt/linux-x86_64/bin]
  ignore line: [Found candidate GCC installation: /home/xuliang/.local/Android_Studio/Android_SDK/ndk-bundle/toolchains/llvm/prebuilt/linux-x86_64/lib/gcc/arm-linux-androideabi/4.9.x]
  ignore line: [Selected GCC installation: /home/xuliang/.local/Android_Studio/Android_SDK/ndk-bundle/toolchains/llvm/prebuilt/linux-x86_64/lib/gcc/arm-linux-androideabi/4.9.x]
  ignore line: [Candidate multilib: thumb]
  ignore line: [@mthumb]
  ignore line: [Candidate multilib: armv7-a]
  ignore line: [@march=armv7-a]
  ignore line: [Candidate multilib: armv7-a/thumb]
  ignore line: [@march=armv7-a@mthumb]
  ignore line: [Candidate multilib: .]
  ignore line: []
  ignore line: [Selected multilib: armv7-a/thumb]
  ignore line: [@march=armv7-a@mthumb]
  link line: [ "/home/xuliang/.local/Android_Studio/Android_SDK/ndk-bundle/toolchains/llvm/prebuilt/linux-x86_64/lib/gcc/arm-linux-androideabi/4.9.x/../../../../arm-linux-androideabi/bin/ld" --sysroot=/home/xuliang/.local/Android_Studio/Android_SDK/ndk-bundle/toolchains/llvm/prebuilt/linux-x86_64/sysroot -pie -z relro -X --enable-new-dtags --eh-frame-hdr -m armelf_linux_eabi -dynamic-linker /system/bin/linker -o cmTC_d1007 /home/xuliang/.local/Android_Studio/Android_SDK/ndk-bundle/toolchains/llvm/prebuilt/linux-x86_64/sysroot/usr/lib/arm-linux-androideabi/21/crtbegin_dynamic.o -L/home/xuliang/.local/Android_Studio/Android_SDK/ndk-bundle/toolchains/llvm/prebuilt/linux-x86_64/lib64/clang/8.0.2/lib/linux/arm -L/home/xuliang/.local/Android_Studio/Android_SDK/ndk-bundle/toolchains/llvm/prebuilt/linux-x86_64/lib/gcc/arm-linux-androideabi/4.9.x/armv7-a/thumb -L/home/xuliang/.local/Android_Studio/Android_SDK/ndk-bundle/toolchains/llvm/prebuilt/linux-x86_64/lib/gcc/arm-linux-androideabi/4.9.x/../../../../arm-linux-androideabi/lib/../lib/armv7-a/thumb -L/home/xuliang/.local/Android_Studio/Android_SDK/ndk-bundle/toolchains/llvm/prebuilt/linux-x86_64/sysroot/usr/lib/arm-linux-androideabi/21 -L/home/xuliang/.local/Android_Studio/Android_SDK/ndk-bundle/toolchains/llvm/prebuilt/linux-x86_64/sysroot/usr/lib/arm-linux-androideabi -L/home/xuliang/.local/Android_Studio/Android_SDK/ndk-bundle/toolchains/llvm/prebuilt/linux-x86_64/sysroot/usr/lib/../lib -L/home/xuliang/.local/Android_Studio/Android_SDK/ndk-bundle/toolchains/llvm/prebuilt/linux-x86_64/sysroot/usr/lib/arm-linux-androideabi/../../lib -L/home/xuliang/.local/Android_Studio/Android_SDK/ndk-bundle/toolchains/llvm/prebuilt/linux-x86_64/lib/gcc/arm-linux-androideabi/4.9.x/../../../../arm-linux-androideabi/lib/armv7-a/thumb -L/home/xuliang/.local/Android_Studio/Android_SDK/ndk-bundle/toolchains/llvm/prebuilt/linux-x86_64/sysroot/usr/lib --exclude-libs libgcc.a --exclude-libs libatomic.a --build-id --warn-shared-textrel --fatal-warnings --exclude-libs libunwind.a --no-undefined -z noexecstack -z relro -z now --gc-sections CMakeFiles/cmTC_d1007.dir/CMakeCCompilerABI.c.o -lgcc -ldl -lc -lgcc -ldl /home/xuliang/.local/Android_Studio/Android_SDK/ndk-bundle/toolchains/llvm/prebuilt/linux-x86_64/sysroot/usr/lib/arm-linux-androideabi/21/crtend_android.o]
    arg [/home/xuliang/.local/Android_Studio/Android_SDK/ndk-bundle/toolchains/llvm/prebuilt/linux-x86_64/lib/gcc/arm-linux-androideabi/4.9.x/../../../../arm-linux-androideabi/bin/ld] ==> ignore
    arg [--sysroot=/home/xuliang/.local/Android_Studio/Android_SDK/ndk-bundle/toolchains/llvm/prebuilt/linux-x86_64/sysroot] ==> ignore
    arg [-pie] ==> ignore
    arg [-zrelro] ==> ignore
    arg [-X] ==> ignore
    arg [--enable-new-dtags] ==> ignore
    arg [--eh-frame-hdr] ==> ignore
    arg [-m] ==> ignore
    arg [armelf_linux_eabi] ==> ignore
    arg [-dynamic-linker] ==> ignore
    arg [/system/bin/linker] ==> ignore
    arg [-o] ==> ignore
    arg [cmTC_d1007] ==> ignore
    arg [/home/xuliang/.local/Android_Studio/Android_SDK/ndk-bundle/toolchains/llvm/prebuilt/linux-x86_64/sysroot/usr/lib/arm-linux-androideabi/21/crtbegin_dynamic.o] ==> ignore
    arg [-L/home/xuliang/.local/Android_Studio/Android_SDK/ndk-bundle/toolchains/llvm/prebuilt/linux-x86_64/lib64/clang/8.0.2/lib/linux/arm] ==> dir [/home/xuliang/.local/Android_Studio/Android_SDK/ndk-bundle/toolchains/llvm/prebuilt/linux-x86_64/lib64/clang/8.0.2/lib/linux/arm]
    arg [-L/home/xuliang/.local/Android_Studio/Android_SDK/ndk-bundle/toolchains/llvm/prebuilt/linux-x86_64/lib/gcc/arm-linux-androideabi/4.9.x/armv7-a/thumb] ==> dir [/home/xuliang/.local/Android_Studio/Android_SDK/ndk-bundle/toolchains/llvm/prebuilt/linux-x86_64/lib/gcc/arm-linux-androideabi/4.9.x/armv7-a/thumb]
    arg [-L/home/xuliang/.local/Android_Studio/Android_SDK/ndk-bundle/toolchains/llvm/prebuilt/linux-x86_64/lib/gcc/arm-linux-androideabi/4.9.x/../../../../arm-linux-androideabi/lib/../lib/armv7-a/thumb] ==> dir [/home/xuliang/.local/Android_Studio/Android_SDK/ndk-bundle/toolchains/llvm/prebuilt/linux-x86_64/lib/gcc/arm-linux-androideabi/4.9.x/../../../../arm-linux-androideabi/lib/../lib/armv7-a/thumb]
    arg [-L/home/xuliang/.local/Android_Studio/Android_SDK/ndk-bundle/toolchains/llvm/prebuilt/linux-x86_64/sysroot/usr/lib/arm-linux-androideabi/21] ==> dir [/home/xuliang/.local/Android_Studio/Android_SDK/ndk-bundle/toolchains/llvm/prebuilt/linux-x86_64/sysroot/usr/lib/arm-linux-androideabi/21]
    arg [-L/home/xuliang/.local/Android_Studio/Android_SDK/ndk-bundle/toolchains/llvm/prebuilt/linux-x86_64/sysroot/usr/lib/arm-linux-androideabi] ==> dir [/home/xuliang/.local/Android_Studio/Android_SDK/ndk-bundle/toolchains/llvm/prebuilt/linux-x86_64/sysroot/usr/lib/arm-linux-androideabi]
    arg [-L/home/xuliang/.local/Android_Studio/Android_SDK/ndk-bundle/toolchains/llvm/prebuilt/linux-x86_64/sysroot/usr/lib/../lib] ==> dir [/home/xuliang/.local/Android_Studio/Android_SDK/ndk-bundle/toolchains/llvm/prebuilt/linux-x86_64/sysroot/usr/lib/../lib]
    arg [-L/home/xuliang/.local/Android_Studio/Android_SDK/ndk-bundle/toolchains/llvm/prebuilt/linux-x86_64/sysroot/usr/lib/arm-linux-androideabi/../../lib] ==> dir [/home/xuliang/.local/Android_Studio/Android_SDK/ndk-bundle/toolchains/llvm/prebuilt/linux-x86_64/sysroot/usr/lib/arm-linux-androideabi/../../lib]
    arg [-L/home/xuliang/.local/Android_Studio/Android_SDK/ndk-bundle/toolchains/llvm/prebuilt/linux-x86_64/lib/gcc/arm-linux-androideabi/4.9.x/../../../../arm-linux-androideabi/lib/armv7-a/thumb] ==> dir [/home/xuliang/.local/Android_Studio/Android_SDK/ndk-bundle/toolchains/llvm/prebuilt/linux-x86_64/lib/gcc/arm-linux-androideabi/4.9.x/../../../../arm-linux-androideabi/lib/armv7-a/thumb]
    arg [-L/home/xuliang/.local/Android_Studio/Android_SDK/ndk-bundle/toolchains/llvm/prebuilt/linux-x86_64/sysroot/usr/lib] ==> dir [/home/xuliang/.local/Android_Studio/Android_SDK/ndk-bundle/toolchains/llvm/prebuilt/linux-x86_64/sysroot/usr/lib]
    arg [--exclude-libs] ==> ignore
    arg [libgcc.a] ==> ignore
    arg [--exclude-libs] ==> ignore
    arg [libatomic.a] ==> ignore
    arg [--build-id] ==> ignore
    arg [--warn-shared-textrel] ==> ignore
    arg [--fatal-warnings] ==> ignore
    arg [--exclude-libs] ==> ignore
    arg [libunwind.a] ==> ignore
    arg [--no-undefined] ==> ignore
    arg [-znoexecstack] ==> ignore
    arg [-zrelro] ==> ignore
    arg [-znow] ==> ignore
    arg [--gc-sections] ==> ignore
    arg [CMakeFiles/cmTC_d1007.dir/CMakeCCompilerABI.c.o] ==> ignore
    arg [-lgcc] ==> lib [gcc]
    arg [-ldl] ==> lib [dl]
    arg [-lc] ==> lib [c]
    arg [-lgcc] ==> lib [gcc]
    arg [-ldl] ==> lib [dl]
    arg [/home/xuliang/.local/Android_Studio/Android_SDK/ndk-bundle/toolchains/llvm/prebuilt/linux-x86_64/sysroot/usr/lib/arm-linux-androideabi/21/crtend_android.o] ==> ignore
  collapse library dir [/home/xuliang/.local/Android_Studio/Android_SDK/ndk-bundle/toolchains/llvm/prebuilt/linux-x86_64/lib64/clang/8.0.2/lib/linux/arm] ==> [/home/xuliang/.local/Android_Studio/Android_SDK/ndk-bundle/toolchains/llvm/prebuilt/linux-x86_64/lib64/clang/8.0.2/lib/linux/arm]
  collapse library dir [/home/xuliang/.local/Android_Studio/Android_SDK/ndk-bundle/toolchains/llvm/prebuilt/linux-x86_64/lib/gcc/arm-linux-androideabi/4.9.x/armv7-a/thumb] ==> [/home/xuliang/.local/Android_Studio/Android_SDK/ndk-bundle/toolchains/llvm/prebuilt/linux-x86_64/lib/gcc/arm-linux-androideabi/4.9.x/armv7-a/thumb]
  collapse library dir [/home/xuliang/.local/Android_Studio/Android_SDK/ndk-bundle/toolchains/llvm/prebuilt/linux-x86_64/lib/gcc/arm-linux-androideabi/4.9.x/../../../../arm-linux-androideabi/lib/../lib/armv7-a/thumb] ==> [/home/xuliang/.local/Android_Studio/Android_SDK/ndk-bundle/toolchains/llvm/prebuilt/linux-x86_64/arm-linux-androideabi/lib/armv7-a/thumb]
  collapse library dir [/home/xuliang/.local/Android_Studio/Android_SDK/ndk-bundle/toolchains/llvm/prebuilt/linux-x86_64/sysroot/usr/lib/arm-linux-androideabi/21] ==> [/home/xuliang/.local/Android_Studio/Android_SDK/ndk-bundle/toolchains/llvm/prebuilt/linux-x86_64/sysroot/usr/lib/arm-linux-androideabi/21]
  collapse library dir [/home/xuliang/.local/Android_Studio/Android_SDK/ndk-bundle/toolchains/llvm/prebuilt/linux-x86_64/sysroot/usr/lib/arm-linux-androideabi] ==> [/home/xuliang/.local/Android_Studio/Android_SDK/ndk-bundle/toolchains/llvm/prebuilt/linux-x86_64/sysroot/usr/lib/arm-linux-androideabi]
  collapse library dir [/home/xuliang/.local/Android_Studio/Android_SDK/ndk-bundle/toolchains/llvm/prebuilt/linux-x86_64/sysroot/usr/lib/../lib] ==> [/home/xuliang/.local/Android_Studio/Android_SDK/ndk-bundle/toolchains/llvm/prebuilt/linux-x86_64/sysroot/usr/lib]
  collapse library dir [/home/xuliang/.local/Android_Studio/Android_SDK/ndk-bundle/toolchains/llvm/prebuilt/linux-x86_64/sysroot/usr/lib/arm-linux-androideabi/../../lib] ==> [/home/xuliang/.local/Android_Studio/Android_SDK/ndk-bundle/toolchains/llvm/prebuilt/linux-x86_64/sysroot/usr/lib]
  collapse library dir [/home/xuliang/.local/Android_Studio/Android_SDK/ndk-bundle/toolchains/llvm/prebuilt/linux-x86_64/lib/gcc/arm-linux-androideabi/4.9.x/../../../../arm-linux-androideabi/lib/armv7-a/thumb] ==> [/home/xuliang/.local/Android_Studio/Android_SDK/ndk-bundle/toolchains/llvm/prebuilt/linux-x86_64/arm-linux-androideabi/lib/armv7-a/thumb]
  collapse library dir [/home/xuliang/.local/Android_Studio/Android_SDK/ndk-bundle/toolchains/llvm/prebuilt/linux-x86_64/sysroot/usr/lib] ==> [/home/xuliang/.local/Android_Studio/Android_SDK/ndk-bundle/toolchains/llvm/prebuilt/linux-x86_64/sysroot/usr/lib]
  implicit libs: [gcc;dl;c;gcc;dl]
  implicit dirs: [/home/xuliang/.local/Android_Studio/Android_SDK/ndk-bundle/toolchains/llvm/prebuilt/linux-x86_64/lib64/clang/8.0.2/lib/linux/arm;/home/xuliang/.local/Android_Studio/Android_SDK/ndk-bundle/toolchains/llvm/prebuilt/linux-x86_64/lib/gcc/arm-linux-androideabi/4.9.x/armv7-a/thumb;/home/xuliang/.local/Android_Studio/Android_SDK/ndk-bundle/toolchains/llvm/prebuilt/linux-x86_64/arm-linux-androideabi/lib/armv7-a/thumb;/home/xuliang/.local/Android_Studio/Android_SDK/ndk-bundle/toolchains/llvm/prebuilt/linux-x86_64/sysroot/usr/lib/arm-linux-androideabi/21;/home/xuliang/.local/Android_Studio/Android_SDK/ndk-bundle/toolchains/llvm/prebuilt/linux-x86_64/sysroot/usr/lib/arm-linux-androideabi;/home/xuliang/.local/Android_Studio/Android_SDK/ndk-bundle/toolchains/llvm/prebuilt/linux-x86_64/sysroot/usr/lib]
  implicit fwks: []




Detecting C [-std=c11] compiler features compiled with the following output:
Change Dir: /mnt/sda1/Program Codes/GitRepository/GitHubByxl9605/ICT-TianYan_AndroidCDS/AndroidCDS_Client/app/.externalNativeBuild/cmake/debug/armeabi-v7a/CMakeFiles/CMakeTmp

Run Build Command:"/usr/local/bin/ninja" "cmTC_46641"
[1/2] Building C object CMakeFiles/cmTC_46641.dir/feature_tests.c.o
[2/2] Linking C executable cmTC_46641


    Feature record: C_FEATURE:1c_function_prototypes
    Feature record: C_FEATURE:1c_restrict
    Feature record: C_FEATURE:1c_static_assert
    Feature record: C_FEATURE:1c_variadic_macros


Detecting C [-std=c99] compiler features compiled with the following output:
Change Dir: /mnt/sda1/Program Codes/GitRepository/GitHubByxl9605/ICT-TianYan_AndroidCDS/AndroidCDS_Client/app/.externalNativeBuild/cmake/debug/armeabi-v7a/CMakeFiles/CMakeTmp

Run Build Command:"/usr/local/bin/ninja" "cmTC_93bbe"
[1/2] Building C object CMakeFiles/cmTC_93bbe.dir/feature_tests.c.o
[2/2] Linking C executable cmTC_93bbe


    Feature record: C_FEATURE:1c_function_prototypes
    Feature record: C_FEATURE:1c_restrict
    Feature record: C_FEATURE:0c_static_assert
    Feature record: C_FEATURE:1c_variadic_macros


Detecting C [-std=c90] compiler features compiled with the following output:
Change Dir: /mnt/sda1/Program Codes/GitRepository/GitHubByxl9605/ICT-TianYan_AndroidCDS/AndroidCDS_Client/app/.externalNativeBuild/cmake/debug/armeabi-v7a/CMakeFiles/CMakeTmp

Run Build Command:"/usr/local/bin/ninja" "cmTC_526fd"
[1/2] Building C object CMakeFiles/cmTC_526fd.dir/feature_tests.c.o
[2/2] Linking C executable cmTC_526fd


    Feature record: C_FEATURE:1c_function_prototypes
    Feature record: C_FEATURE:0c_restrict
    Feature record: C_FEATURE:0c_static_assert
    Feature record: C_FEATURE:0c_variadic_macros
Determining if the CXX compiler works passed with the following output:
Change Dir: /mnt/sda1/Program Codes/GitRepository/GitHubByxl9605/ICT-TianYan_AndroidCDS/AndroidCDS_Client/app/.externalNativeBuild/cmake/debug/armeabi-v7a/CMakeFiles/CMakeTmp

Run Build Command:"/usr/local/bin/ninja" "cmTC_36716"
[1/2] Building CXX object CMakeFiles/cmTC_36716.dir/testCXXCompiler.cxx.o
[2/2] Linking CXX executable cmTC_36716


Detecting CXX compiler ABI info compiled with the following output:
Change Dir: /mnt/sda1/Program Codes/GitRepository/GitHubByxl9605/ICT-TianYan_AndroidCDS/AndroidCDS_Client/app/.externalNativeBuild/cmake/debug/armeabi-v7a/CMakeFiles/CMakeTmp

Run Build Command:"/usr/local/bin/ninja" "cmTC_89a9c"
[1/2] Building CXX object CMakeFiles/cmTC_89a9c.dir/CMakeCXXCompilerABI.cpp.o
[2/2] Linking CXX executable cmTC_89a9c
Android (5058415 based on r339409) clang version 8.0.2 (https://android.googlesource.com/toolchain/clang 40173bab62ec746213857d083c0e8b0abb568790) (https://android.googlesource.com/toolchain/llvm 7a6618d69e7e8111e1d49dc9e7813767c5ca756a) (based on LLVM 8.0.2svn)
Target: armv7-none-linux-android21
Thread model: posix
InstalledDir: /home/xuliang/.local/Android_Studio/Android_SDK/ndk-bundle/toolchains/llvm/prebuilt/linux-x86_64/bin
Found candidate GCC installation: /home/xuliang/.local/Android_Studio/Android_SDK/ndk-bundle/toolchains/llvm/prebuilt/linux-x86_64/lib/gcc/arm-linux-androideabi/4.9.x
Selected GCC installation: /home/xuliang/.local/Android_Studio/Android_SDK/ndk-bundle/toolchains/llvm/prebuilt/linux-x86_64/lib/gcc/arm-linux-androideabi/4.9.x
Candidate multilib: thumb;@mthumb
Candidate multilib: armv7-a;@march=armv7-a
Candidate multilib: armv7-a/thumb;@march=armv7-a@mthumb
Candidate multilib: .;
Selected multilib: armv7-a/thumb;@march=armv7-a@mthumb
 "/home/xuliang/.local/Android_Studio/Android_SDK/ndk-bundle/toolchains/llvm/prebuilt/linux-x86_64/lib/gcc/arm-linux-androideabi/4.9.x/../../../../arm-linux-androideabi/bin/ld" --sysroot=/home/xuliang/.local/Android_Studio/Android_SDK/ndk-bundle/toolchains/llvm/prebuilt/linux-x86_64/sysroot -pie -z relro -X --enable-new-dtags --eh-frame-hdr -m armelf_linux_eabi -dynamic-linker /system/bin/linker -o cmTC_89a9c /home/xuliang/.local/Android_Studio/Android_SDK/ndk-bundle/toolchains/llvm/prebuilt/linux-x86_64/sysroot/usr/lib/arm-linux-androideabi/21/crtbegin_dynamic.o -L/home/xuliang/.local/Android_Studio/Android_SDK/ndk-bundle/toolchains/llvm/prebuilt/linux-x86_64/lib64/clang/8.0.2/lib/linux/arm -L/home/xuliang/.local/Android_Studio/Android_SDK/ndk-bundle/toolchains/llvm/prebuilt/linux-x86_64/lib/gcc/arm-linux-androideabi/4.9.x/armv7-a/thumb -L/home/xuliang/.local/Android_Studio/Android_SDK/ndk-bundle/toolchains/llvm/prebuilt/linux-x86_64/lib/gcc/arm-linux-androideabi/4.9.x/../../../../arm-linux-androideabi/lib/../lib/armv7-a/thumb -L/home/xuliang/.local/Android_Studio/Android_SDK/ndk-bundle/toolchains/llvm/prebuilt/linux-x86_64/sysroot/usr/lib/arm-linux-androideabi/21 -L/home/xuliang/.local/Android_Studio/Android_SDK/ndk-bundle/toolchains/llvm/prebuilt/linux-x86_64/sysroot/usr/lib/arm-linux-androideabi -L/home/xuliang/.local/Android_Studio/Android_SDK/ndk-bundle/toolchains/llvm/prebuilt/linux-x86_64/sysroot/usr/lib/../lib -L/home/xuliang/.local/Android_Studio/Android_SDK/ndk-bundle/toolchains/llvm/prebuilt/linux-x86_64/sysroot/usr/lib/arm-linux-androideabi/../../lib -L/home/xuliang/.local/Android_Studio/Android_SDK/ndk-bundle/toolchains/llvm/prebuilt/linux-x86_64/lib/gcc/arm-linux-androideabi/4.9.x/../../../../arm-linux-androideabi/lib/armv7-a/thumb -L/home/xuliang/.local/Android_Studio/Android_SDK/ndk-bundle/toolchains/llvm/prebuilt/linux-x86_64/sysroot/usr/lib --exclude-libs libgcc.a --exclude-libs libatomic.a --build-id --warn-shared-textrel --fatal-warnings --exclude-libs libunwind.a --no-undefined -z noexecstack -z relro -z now --gc-sections CMakeFiles/cmTC_89a9c.dir/CMakeCXXCompilerABI.cpp.o -Bstatic -lc++ -Bdynamic -lm -lgcc -lgcc -ldl -lc -lgcc -lgcc -ldl /home/xuliang/.local/Android_Studio/Android_SDK/ndk-bundle/toolchains/llvm/prebuilt/linux-x86_64/sysroot/usr/lib/arm-linux-androideabi/21/crtend_android.o


Parsed CXX implicit link information from above output:
  link line regex: [^( *|.*[/\])(arm-linux-androideabi-ld|CMAKE_LINK_STARTFILE-NOTFOUND|([^/\]+-)?ld|collect2)[^/\]*( |$)]
  ignore line: [Change Dir: /mnt/sda1/Program Codes/GitRepository/GitHubByxl9605/ICT-TianYan_AndroidCDS/AndroidCDS_Client/app/.externalNativeBuild/cmake/debug/armeabi-v7a/CMakeFiles/CMakeTmp]
  ignore line: []
  ignore line: [Run Build Command:"/usr/local/bin/ninja" "cmTC_89a9c"]
  ignore line: [[1/2] Building CXX object CMakeFiles/cmTC_89a9c.dir/CMakeCXXCompilerABI.cpp.o]
  ignore line: [[2/2] Linking CXX executable cmTC_89a9c]
  ignore line: [Android (5058415 based on r339409) clang version 8.0.2 (https://android.googlesource.com/toolchain/clang 40173bab62ec746213857d083c0e8b0abb568790) (https://android.googlesource.com/toolchain/llvm 7a6618d69e7e8111e1d49dc9e7813767c5ca756a) (based on LLVM 8.0.2svn)]
  ignore line: [Target: armv7-none-linux-android21]
  ignore line: [Thread model: posix]
  ignore line: [InstalledDir: /home/xuliang/.local/Android_Studio/Android_SDK/ndk-bundle/toolchains/llvm/prebuilt/linux-x86_64/bin]
  ignore line: [Found candidate GCC installation: /home/xuliang/.local/Android_Studio/Android_SDK/ndk-bundle/toolchains/llvm/prebuilt/linux-x86_64/lib/gcc/arm-linux-androideabi/4.9.x]
  ignore line: [Selected GCC installation: /home/xuliang/.local/Android_Studio/Android_SDK/ndk-bundle/toolchains/llvm/prebuilt/linux-x86_64/lib/gcc/arm-linux-androideabi/4.9.x]
  ignore line: [Candidate multilib: thumb]
  ignore line: [@mthumb]
  ignore line: [Candidate multilib: armv7-a]
  ignore line: [@march=armv7-a]
  ignore line: [Candidate multilib: armv7-a/thumb]
  ignore line: [@march=armv7-a@mthumb]
  ignore line: [Candidate multilib: .]
  ignore line: []
  ignore line: [Selected multilib: armv7-a/thumb]
  ignore line: [@march=armv7-a@mthumb]
  link line: [ "/home/xuliang/.local/Android_Studio/Android_SDK/ndk-bundle/toolchains/llvm/prebuilt/linux-x86_64/lib/gcc/arm-linux-androideabi/4.9.x/../../../../arm-linux-androideabi/bin/ld" --sysroot=/home/xuliang/.local/Android_Studio/Android_SDK/ndk-bundle/toolchains/llvm/prebuilt/linux-x86_64/sysroot -pie -z relro -X --enable-new-dtags --eh-frame-hdr -m armelf_linux_eabi -dynamic-linker /system/bin/linker -o cmTC_89a9c /home/xuliang/.local/Android_Studio/Android_SDK/ndk-bundle/toolchains/llvm/prebuilt/linux-x86_64/sysroot/usr/lib/arm-linux-androideabi/21/crtbegin_dynamic.o -L/home/xuliang/.local/Android_Studio/Android_SDK/ndk-bundle/toolchains/llvm/prebuilt/linux-x86_64/lib64/clang/8.0.2/lib/linux/arm -L/home/xuliang/.local/Android_Studio/Android_SDK/ndk-bundle/toolchains/llvm/prebuilt/linux-x86_64/lib/gcc/arm-linux-androideabi/4.9.x/armv7-a/thumb -L/home/xuliang/.local/Android_Studio/Android_SDK/ndk-bundle/toolchains/llvm/prebuilt/linux-x86_64/lib/gcc/arm-linux-androideabi/4.9.x/../../../../arm-linux-androideabi/lib/../lib/armv7-a/thumb -L/home/xuliang/.local/Android_Studio/Android_SDK/ndk-bundle/toolchains/llvm/prebuilt/linux-x86_64/sysroot/usr/lib/arm-linux-androideabi/21 -L/home/xuliang/.local/Android_Studio/Android_SDK/ndk-bundle/toolchains/llvm/prebuilt/linux-x86_64/sysroot/usr/lib/arm-linux-androideabi -L/home/xuliang/.local/Android_Studio/Android_SDK/ndk-bundle/toolchains/llvm/prebuilt/linux-x86_64/sysroot/usr/lib/../lib -L/home/xuliang/.local/Android_Studio/Android_SDK/ndk-bundle/toolchains/llvm/prebuilt/linux-x86_64/sysroot/usr/lib/arm-linux-androideabi/../../lib -L/home/xuliang/.local/Android_Studio/Android_SDK/ndk-bundle/toolchains/llvm/prebuilt/linux-x86_64/lib/gcc/arm-linux-androideabi/4.9.x/../../../../arm-linux-androideabi/lib/armv7-a/thumb -L/home/xuliang/.local/Android_Studio/Android_SDK/ndk-bundle/toolchains/llvm/prebuilt/linux-x86_64/sysroot/usr/lib --exclude-libs libgcc.a --exclude-libs libatomic.a --build-id --warn-shared-textrel --fatal-warnings --exclude-libs libunwind.a --no-undefined -z noexecstack -z relro -z now --gc-sections CMakeFiles/cmTC_89a9c.dir/CMakeCXXCompilerABI.cpp.o -Bstatic -lc++ -Bdynamic -lm -lgcc -lgcc -ldl -lc -lgcc -lgcc -ldl /home/xuliang/.local/Android_Studio/Android_SDK/ndk-bundle/toolchains/llvm/prebuilt/linux-x86_64/sysroot/usr/lib/arm-linux-androideabi/21/crtend_android.o]
    arg [/home/xuliang/.local/Android_Studio/Android_SDK/ndk-bundle/toolchains/llvm/prebuilt/linux-x86_64/lib/gcc/arm-linux-androideabi/4.9.x/../../../../arm-linux-androideabi/bin/ld] ==> ignore
    arg [--sysroot=/home/xuliang/.local/Android_Studio/Android_SDK/ndk-bundle/toolchains/llvm/prebuilt/linux-x86_64/sysroot] ==> ignore
    arg [-pie] ==> ignore
    arg [-zrelro] ==> ignore
    arg [-X] ==> ignore
    arg [--enable-new-dtags] ==> ignore
    arg [--eh-frame-hdr] ==> ignore
    arg [-m] ==> ignore
    arg [armelf_linux_eabi] ==> ignore
    arg [-dynamic-linker] ==> ignore
    arg [/system/bin/linker] ==> ignore
    arg [-o] ==> ignore
    arg [cmTC_89a9c] ==> ignore
    arg [/home/xuliang/.local/Android_Studio/Android_SDK/ndk-bundle/toolchains/llvm/prebuilt/linux-x86_64/sysroot/usr/lib/arm-linux-androideabi/21/crtbegin_dynamic.o] ==> ignore
    arg [-L/home/xuliang/.local/Android_Studio/Android_SDK/ndk-bundle/toolchains/llvm/prebuilt/linux-x86_64/lib64/clang/8.0.2/lib/linux/arm] ==> dir [/home/xuliang/.local/Android_Studio/Android_SDK/ndk-bundle/toolchains/llvm/prebuilt/linux-x86_64/lib64/clang/8.0.2/lib/linux/arm]
    arg [-L/home/xuliang/.local/Android_Studio/Android_SDK/ndk-bundle/toolchains/llvm/prebuilt/linux-x86_64/lib/gcc/arm-linux-androideabi/4.9.x/armv7-a/thumb] ==> dir [/home/xuliang/.local/Android_Studio/Android_SDK/ndk-bundle/toolchains/llvm/prebuilt/linux-x86_64/lib/gcc/arm-linux-androideabi/4.9.x/armv7-a/thumb]
    arg [-L/home/xuliang/.local/Android_Studio/Android_SDK/ndk-bundle/toolchains/llvm/prebuilt/linux-x86_64/lib/gcc/arm-linux-androideabi/4.9.x/../../../../arm-linux-androideabi/lib/../lib/armv7-a/thumb] ==> dir [/home/xuliang/.local/Android_Studio/Android_SDK/ndk-bundle/toolchains/llvm/prebuilt/linux-x86_64/lib/gcc/arm-linux-androideabi/4.9.x/../../../../arm-linux-androideabi/lib/../lib/armv7-a/thumb]
    arg [-L/home/xuliang/.local/Android_Studio/Android_SDK/ndk-bundle/toolchains/llvm/prebuilt/linux-x86_64/sysroot/usr/lib/arm-linux-androideabi/21] ==> dir [/home/xuliang/.local/Android_Studio/Android_SDK/ndk-bundle/toolchains/llvm/prebuilt/linux-x86_64/sysroot/usr/lib/arm-linux-androideabi/21]
    arg [-L/home/xuliang/.local/Android_Studio/Android_SDK/ndk-bundle/toolchains/llvm/prebuilt/linux-x86_64/sysroot/usr/lib/arm-linux-androideabi] ==> dir [/home/xuliang/.local/Android_Studio/Android_SDK/ndk-bundle/toolchains/llvm/prebuilt/linux-x86_64/sysroot/usr/lib/arm-linux-androideabi]
    arg [-L/home/xuliang/.local/Android_Studio/Android_SDK/ndk-bundle/toolchains/llvm/prebuilt/linux-x86_64/sysroot/usr/lib/../lib] ==> dir [/home/xuliang/.local/Android_Studio/Android_SDK/ndk-bundle/toolchains/llvm/prebuilt/linux-x86_64/sysroot/usr/lib/../lib]
    arg [-L/home/xuliang/.local/Android_Studio/Android_SDK/ndk-bundle/toolchains/llvm/prebuilt/linux-x86_64/sysroot/usr/lib/arm-linux-androideabi/../../lib] ==> dir [/home/xuliang/.local/Android_Studio/Android_SDK/ndk-bundle/toolchains/llvm/prebuilt/linux-x86_64/sysroot/usr/lib/arm-linux-androideabi/../../lib]
    arg [-L/home/xuliang/.local/Android_Studio/Android_SDK/ndk-bundle/toolchains/llvm/prebuilt/linux-x86_64/lib/gcc/arm-linux-androideabi/4.9.x/../../../../arm-linux-androideabi/lib/armv7-a/thumb] ==> dir [/home/xuliang/.local/Android_Studio/Android_SDK/ndk-bundle/toolchains/llvm/prebuilt/linux-x86_64/lib/gcc/arm-linux-androideabi/4.9.x/../../../../arm-linux-androideabi/lib/armv7-a/thumb]
    arg [-L/home/xuliang/.local/Android_Studio/Android_SDK/ndk-bundle/toolchains/llvm/prebuilt/linux-x86_64/sysroot/usr/lib] ==> dir [/home/xuliang/.local/Android_Studio/Android_SDK/ndk-bundle/toolchains/llvm/prebuilt/linux-x86_64/sysroot/usr/lib]
    arg [--exclude-libs] ==> ignore
    arg [libgcc.a] ==> ignore
    arg [--exclude-libs] ==> ignore
    arg [libatomic.a] ==> ignore
    arg [--build-id] ==> ignore
    arg [--warn-shared-textrel] ==> ignore
    arg [--fatal-warnings] ==> ignore
    arg [--exclude-libs] ==> ignore
    arg [libunwind.a] ==> ignore
    arg [--no-undefined] ==> ignore
    arg [-znoexecstack] ==> ignore
    arg [-zrelro] ==> ignore
    arg [-znow] ==> ignore
    arg [--gc-sections] ==> ignore
    arg [CMakeFiles/cmTC_89a9c.dir/CMakeCXXCompilerABI.cpp.o] ==> ignore
    arg [-Bstatic] ==> ignore
    arg [-lc++] ==> lib [c++]
    arg [-Bdynamic] ==> ignore
    arg [-lm] ==> lib [m]
    arg [-lgcc] ==> lib [gcc]
    arg [-lgcc] ==> lib [gcc]
    arg [-ldl] ==> lib [dl]
    arg [-lc] ==> lib [c]
    arg [-lgcc] ==> lib [gcc]
    arg [-lgcc] ==> lib [gcc]
    arg [-ldl] ==> lib [dl]
    arg [/home/xuliang/.local/Android_Studio/Android_SDK/ndk-bundle/toolchains/llvm/prebuilt/linux-x86_64/sysroot/usr/lib/arm-linux-androideabi/21/crtend_android.o] ==> ignore
  collapse library dir [/home/xuliang/.local/Android_Studio/Android_SDK/ndk-bundle/toolchains/llvm/prebuilt/linux-x86_64/lib64/clang/8.0.2/lib/linux/arm] ==> [/home/xuliang/.local/Android_Studio/Android_SDK/ndk-bundle/toolchains/llvm/prebuilt/linux-x86_64/lib64/clang/8.0.2/lib/linux/arm]
  collapse library dir [/home/xuliang/.local/Android_Studio/Android_SDK/ndk-bundle/toolchains/llvm/prebuilt/linux-x86_64/lib/gcc/arm-linux-androideabi/4.9.x/armv7-a/thumb] ==> [/home/xuliang/.local/Android_Studio/Android_SDK/ndk-bundle/toolchains/llvm/prebuilt/linux-x86_64/lib/gcc/arm-linux-androideabi/4.9.x/armv7-a/thumb]
  collapse library dir [/home/xuliang/.local/Android_Studio/Android_SDK/ndk-bundle/toolchains/llvm/prebuilt/linux-x86_64/lib/gcc/arm-linux-androideabi/4.9.x/../../../../arm-linux-androideabi/lib/../lib/armv7-a/thumb] ==> [/home/xuliang/.local/Android_Studio/Android_SDK/ndk-bundle/toolchains/llvm/prebuilt/linux-x86_64/arm-linux-androideabi/lib/armv7-a/thumb]
  collapse library dir [/home/xuliang/.local/Android_Studio/Android_SDK/ndk-bundle/toolchains/llvm/prebuilt/linux-x86_64/sysroot/usr/lib/arm-linux-androideabi/21] ==> [/home/xuliang/.local/Android_Studio/Android_SDK/ndk-bundle/toolchains/llvm/prebuilt/linux-x86_64/sysroot/usr/lib/arm-linux-androideabi/21]
  collapse library dir [/home/xuliang/.local/Android_Studio/Android_SDK/ndk-bundle/toolchains/llvm/prebuilt/linux-x86_64/sysroot/usr/lib/arm-linux-androideabi] ==> [/home/xuliang/.local/Android_Studio/Android_SDK/ndk-bundle/toolchains/llvm/prebuilt/linux-x86_64/sysroot/usr/lib/arm-linux-androideabi]
  collapse library dir [/home/xuliang/.local/Android_Studio/Android_SDK/ndk-bundle/toolchains/llvm/prebuilt/linux-x86_64/sysroot/usr/lib/../lib] ==> [/home/xuliang/.local/Android_Studio/Android_SDK/ndk-bundle/toolchains/llvm/prebuilt/linux-x86_64/sysroot/usr/lib]
  collapse library dir [/home/xuliang/.local/Android_Studio/Android_SDK/ndk-bundle/toolchains/llvm/prebuilt/linux-x86_64/sysroot/usr/lib/arm-linux-androideabi/../../lib] ==> [/home/xuliang/.local/Android_Studio/Android_SDK/ndk-bundle/toolchains/llvm/prebuilt/linux-x86_64/sysroot/usr/lib]
  collapse library dir [/home/xuliang/.local/Android_Studio/Android_SDK/ndk-bundle/toolchains/llvm/prebuilt/linux-x86_64/lib/gcc/arm-linux-androideabi/4.9.x/../../../../arm-linux-androideabi/lib/armv7-a/thumb] ==> [/home/xuliang/.local/Android_Studio/Android_SDK/ndk-bundle/toolchains/llvm/prebuilt/linux-x86_64/arm-linux-androideabi/lib/armv7-a/thumb]
  collapse library dir [/home/xuliang/.local/Android_Studio/Android_SDK/ndk-bundle/toolchains/llvm/prebuilt/linux-x86_64/sysroot/usr/lib] ==> [/home/xuliang/.local/Android_Studio/Android_SDK/ndk-bundle/toolchains/llvm/prebuilt/linux-x86_64/sysroot/usr/lib]
  implicit libs: [c++;m;gcc;gcc;dl;c;gcc;gcc;dl]
  implicit dirs: [/home/xuliang/.local/Android_Studio/Android_SDK/ndk-bundle/toolchains/llvm/prebuilt/linux-x86_64/lib64/clang/8.0.2/lib/linux/arm;/home/xuliang/.local/Android_Studio/Android_SDK/ndk-bundle/toolchains/llvm/prebuilt/linux-x86_64/lib/gcc/arm-linux-androideabi/4.9.x/armv7-a/thumb;/home/xuliang/.local/Android_Studio/Android_SDK/ndk-bundle/toolchains/llvm/prebuilt/linux-x86_64/arm-linux-androideabi/lib/armv7-a/thumb;/home/xuliang/.local/Android_Studio/Android_SDK/ndk-bundle/toolchains/llvm/prebuilt/linux-x86_64/sysroot/usr/lib/arm-linux-androideabi/21;/home/xuliang/.local/Android_Studio/Android_SDK/ndk-bundle/toolchains/llvm/prebuilt/linux-x86_64/sysroot/usr/lib/arm-linux-androideabi;/home/xuliang/.local/Android_Studio/Android_SDK/ndk-bundle/toolchains/llvm/prebuilt/linux-x86_64/sysroot/usr/lib]
  implicit fwks: []




Detecting CXX [-std=c++1z] compiler features compiled with the following output:
Change Dir: /mnt/sda1/Program Codes/GitRepository/GitHubByxl9605/ICT-TianYan_AndroidCDS/AndroidCDS_Client/app/.externalNativeBuild/cmake/debug/armeabi-v7a/CMakeFiles/CMakeTmp

Run Build Command:"/usr/local/bin/ninja" "cmTC_9d929"
[1/2] Building CXX object CMakeFiles/cmTC_9d929.dir/feature_tests.cxx.o
[2/2] Linking CXX executable cmTC_9d929


    Feature record: CXX_FEATURE:1cxx_aggregate_default_initializers
    Feature record: CXX_FEATURE:1cxx_alias_templates
    Feature record: CXX_FEATURE:1cxx_alignas
    Feature record: CXX_FEATURE:1cxx_alignof
    Feature record: CXX_FEATURE:1cxx_attributes
    Feature record: CXX_FEATURE:1cxx_attribute_deprecated
    Feature record: CXX_FEATURE:1cxx_auto_type
    Feature record: CXX_FEATURE:1cxx_binary_literals
    Feature record: CXX_FEATURE:1cxx_constexpr
    Feature record: CXX_FEATURE:1cxx_contextual_conversions
    Feature record: CXX_FEATURE:1cxx_decltype
    Feature record: CXX_FEATURE:1cxx_decltype_auto
    Feature record: CXX_FEATURE:1cxx_decltype_incomplete_return_types
    Feature record: CXX_FEATURE:1cxx_default_function_template_args
    Feature record: CXX_FEATURE:1cxx_defaulted_functions
    Feature record: CXX_FEATURE:1cxx_defaulted_move_initializers
    Feature record: CXX_FEATURE:1cxx_delegating_constructors
    Feature record: CXX_FEATURE:1cxx_deleted_functions
    Feature record: CXX_FEATURE:1cxx_digit_separators
    Feature record: CXX_FEATURE:1cxx_enum_forward_declarations
    Feature record: CXX_FEATURE:1cxx_explicit_conversions
    Feature record: CXX_FEATURE:1cxx_extended_friend_declarations
    Feature record: CXX_FEATURE:1cxx_extern_templates
    Feature record: CXX_FEATURE:1cxx_final
    Feature record: CXX_FEATURE:1cxx_func_identifier
    Feature record: CXX_FEATURE:1cxx_generalized_initializers
    Feature record: CXX_FEATURE:1cxx_generic_lambdas
    Feature record: CXX_FEATURE:1cxx_inheriting_constructors
    Feature record: CXX_FEATURE:1cxx_inline_namespaces
    Feature record: CXX_FEATURE:1cxx_lambdas
    Feature record: CXX_FEATURE:1cxx_lambda_init_captures
    Feature record: CXX_FEATURE:1cxx_local_type_template_args
    Feature record: CXX_FEATURE:1cxx_long_long_type
    Feature record: CXX_FEATURE:1cxx_noexcept
    Feature record: CXX_FEATURE:1cxx_nonstatic_member_init
    Feature record: CXX_FEATURE:1cxx_nullptr
    Feature record: CXX_FEATURE:1cxx_override
    Feature record: CXX_FEATURE:1cxx_range_for
    Feature record: CXX_FEATURE:1cxx_raw_string_literals
    Feature record: CXX_FEATURE:1cxx_reference_qualified_functions
    Feature record: CXX_FEATURE:1cxx_relaxed_constexpr
    Feature record: CXX_FEATURE:1cxx_return_type_deduction
    Feature record: CXX_FEATURE:1cxx_right_angle_brackets
    Feature record: CXX_FEATURE:1cxx_rvalue_references
    Feature record: CXX_FEATURE:1cxx_sizeof_member
    Feature record: CXX_FEATURE:1cxx_static_assert
    Feature record: CXX_FEATURE:1cxx_strong_enums
    Feature record: CXX_FEATURE:1cxx_template_template_parameters
    Feature record: CXX_FEATURE:1cxx_thread_local
    Feature record: CXX_FEATURE:1cxx_trailing_return_types
    Feature record: CXX_FEATURE:1cxx_unicode_literals
    Feature record: CXX_FEATURE:1cxx_uniform_initialization
    Feature record: CXX_FEATURE:1cxx_unrestricted_unions
    Feature record: CXX_FEATURE:1cxx_user_literals
    Feature record: CXX_FEATURE:1cxx_variable_templates
    Feature record: CXX_FEATURE:1cxx_variadic_macros
    Feature record: CXX_FEATURE:1cxx_variadic_templates


Detecting CXX [-std=c++14] compiler features compiled with the following output:
Change Dir: /mnt/sda1/Program Codes/GitRepository/GitHubByxl9605/ICT-TianYan_AndroidCDS/AndroidCDS_Client/app/.externalNativeBuild/cmake/debug/armeabi-v7a/CMakeFiles/CMakeTmp

Run Build Command:"/usr/local/bin/ninja" "cmTC_528be"
[1/2] Building CXX object CMakeFiles/cmTC_528be.dir/feature_tests.cxx.o
[2/2] Linking CXX executable cmTC_528be


    Feature record: CXX_FEATURE:1cxx_aggregate_default_initializers
    Feature record: CXX_FEATURE:1cxx_alias_templates
    Feature record: CXX_FEATURE:1cxx_alignas
    Feature record: CXX_FEATURE:1cxx_alignof
    Feature record: CXX_FEATURE:1cxx_attributes
    Feature record: CXX_FEATURE:1cxx_attribute_deprecated
    Feature record: CXX_FEATURE:1cxx_auto_type
    Feature record: CXX_FEATURE:1cxx_binary_literals
    Feature record: CXX_FEATURE:1cxx_constexpr
    Feature record: CXX_FEATURE:1cxx_contextual_conversions
    Feature record: CXX_FEATURE:1cxx_decltype
    Feature record: CXX_FEATURE:1cxx_decltype_auto
    Feature record: CXX_FEATURE:1cxx_decltype_incomplete_return_types
    Feature record: CXX_FEATURE:1cxx_default_function_template_args
    Feature record: CXX_FEATURE:1cxx_defaulted_functions
    Feature record: CXX_FEATURE:1cxx_defaulted_move_initializers
    Feature record: CXX_FEATURE:1cxx_delegating_constructors
    Feature record: CXX_FEATURE:1cxx_deleted_functions
    Feature record: CXX_FEATURE:1cxx_digit_separators
    Feature record: CXX_FEATURE:1cxx_enum_forward_declarations
    Feature record: CXX_FEATURE:1cxx_explicit_conversions
    Feature record: CXX_FEATURE:1cxx_extended_friend_declarations
    Feature record: CXX_FEATURE:1cxx_extern_templates
    Feature record: CXX_FEATURE:1cxx_final
    Feature record: CXX_FEATURE:1cxx_func_identifier
    Feature record: CXX_FEATURE:1cxx_generalized_initializers
    Feature record: CXX_FEATURE:1cxx_generic_lambdas
    Feature record: CXX_FEATURE:1cxx_inheriting_constructors
    Feature record: CXX_FEATURE:1cxx_inline_namespaces
    Feature record: CXX_FEATURE:1cxx_lambdas
    Feature record: CXX_FEATURE:1cxx_lambda_init_captures
    Feature record: CXX_FEATURE:1cxx_local_type_template_args
    Feature record: CXX_FEATURE:1cxx_long_long_type
    Feature record: CXX_FEATURE:1cxx_noexcept
    Feature record: CXX_FEATURE:1cxx_nonstatic_member_init
    Feature record: CXX_FEATURE:1cxx_nullptr
    Feature record: CXX_FEATURE:1cxx_override
    Feature record: CXX_FEATURE:1cxx_range_for
    Feature record: CXX_FEATURE:1cxx_raw_string_literals
    Feature record: CXX_FEATURE:1cxx_reference_qualified_functions
    Feature record: CXX_FEATURE:1cxx_relaxed_constexpr
    Feature record: CXX_FEATURE:1cxx_return_type_deduction
    Feature record: CXX_FEATURE:1cxx_right_angle_brackets
    Feature record: CXX_FEATURE:1cxx_rvalue_references
    Feature record: CXX_FEATURE:1cxx_sizeof_member
    Feature record: CXX_FEATURE:1cxx_static_assert
    Feature record: CXX_FEATURE:1cxx_strong_enums
    Feature record: CXX_FEATURE:1cxx_template_template_parameters
    Feature record: CXX_FEATURE:1cxx_thread_local
    Feature record: CXX_FEATURE:1cxx_trailing_return_types
    Feature record: CXX_FEATURE:1cxx_unicode_literals
    Feature record: CXX_FEATURE:1cxx_uniform_initialization
    Feature record: CXX_FEATURE:1cxx_unrestricted_unions
    Feature record: CXX_FEATURE:1cxx_user_literals
    Feature record: CXX_FEATURE:1cxx_variable_templates
    Feature record: CXX_FEATURE:1cxx_variadic_macros
    Feature record: CXX_FEATURE:1cxx_variadic_templates


Detecting CXX [-std=c++11] compiler features compiled with the following output:
Change Dir: /mnt/sda1/Program Codes/GitRepository/GitHubByxl9605/ICT-TianYan_AndroidCDS/AndroidCDS_Client/app/.externalNativeBuild/cmake/debug/armeabi-v7a/CMakeFiles/CMakeTmp

Run Build Command:"/usr/local/bin/ninja" "cmTC_d9416"
[1/2] Building CXX object CMakeFiles/cmTC_d9416.dir/feature_tests.cxx.o
[2/2] Linking CXX executable cmTC_d9416


    Feature record: CXX_FEATURE:0cxx_aggregate_default_initializers
    Feature record: CXX_FEATURE:1cxx_alias_templates
    Feature record: CXX_FEATURE:1cxx_alignas
    Feature record: CXX_FEATURE:1cxx_alignof
    Feature record: CXX_FEATURE:1cxx_attributes
    Feature record: CXX_FEATURE:0cxx_attribute_deprecated
    Feature record: CXX_FEATURE:1cxx_auto_type
    Feature record: CXX_FEATURE:0cxx_binary_literals
    Feature record: CXX_FEATURE:1cxx_constexpr
    Feature record: CXX_FEATURE:0cxx_contextual_conversions
    Feature record: CXX_FEATURE:1cxx_decltype
    Feature record: CXX_FEATURE:0cxx_decltype_auto
    Feature record: CXX_FEATURE:1cxx_decltype_incomplete_return_types
    Feature record: CXX_FEATURE:1cxx_default_function_template_args
    Feature record: CXX_FEATURE:1cxx_defaulted_functions
    Feature record: CXX_FEATURE:1cxx_defaulted_move_initializers
    Feature record: CXX_FEATURE:1cxx_delegating_constructors
    Feature record: CXX_FEATURE:1cxx_deleted_functions
    Feature record: CXX_FEATURE:0cxx_digit_separators
    Feature record: CXX_FEATURE:1cxx_enum_forward_declarations
    Feature record: CXX_FEATURE:1cxx_explicit_conversions
    Feature record: CXX_FEATURE:1cxx_extended_friend_declarations
    Feature record: CXX_FEATURE:1cxx_extern_templates
    Feature record: CXX_FEATURE:1cxx_final
    Feature record: CXX_FEATURE:1cxx_func_identifier
    Feature record: CXX_FEATURE:1cxx_generalized_initializers
    Feature record: CXX_FEATURE:0cxx_generic_lambdas
    Feature record: CXX_FEATURE:1cxx_inheriting_constructors
    Feature record: CXX_FEATURE:1cxx_inline_namespaces
    Feature record: CXX_FEATURE:1cxx_lambdas
    Feature record: CXX_FEATURE:0cxx_lambda_init_captures
    Feature record: CXX_FEATURE:1cxx_local_type_template_args
    Feature record: CXX_FEATURE:1cxx_long_long_type
    Feature record: CXX_FEATURE:1cxx_noexcept
    Feature record: CXX_FEATURE:1cxx_nonstatic_member_init
    Feature record: CXX_FEATURE:1cxx_nullptr
    Feature record: CXX_FEATURE:1cxx_override
    Feature record: CXX_FEATURE:1cxx_range_for
    Feature record: CXX_FEATURE:1cxx_raw_string_literals
    Feature record: CXX_FEATURE:1cxx_reference_qualified_functions
    Feature record: CXX_FEATURE:0cxx_relaxed_constexpr
    Feature record: CXX_FEATURE:0cxx_return_type_deduction
    Feature record: CXX_FEATURE:1cxx_right_angle_brackets
    Feature record: CXX_FEATURE:1cxx_rvalue_references
    Feature record: CXX_FEATURE:1cxx_sizeof_member
    Feature record: CXX_FEATURE:1cxx_static_assert
    Feature record: CXX_FEATURE:1cxx_strong_enums
    Feature record: CXX_FEATURE:1cxx_template_template_parameters
    Feature record: CXX_FEATURE:1cxx_thread_local
    Feature record: CXX_FEATURE:1cxx_trailing_return_types
    Feature record: CXX_FEATURE:1cxx_unicode_literals
    Feature record: CXX_FEATURE:1cxx_uniform_initialization
    Feature record: CXX_FEATURE:1cxx_unrestricted_unions
    Feature record: CXX_FEATURE:1cxx_user_literals
    Feature record: CXX_FEATURE:0cxx_variable_templates
    Feature record: CXX_FEATURE:1cxx_variadic_macros
    Feature record: CXX_FEATURE:1cxx_variadic_templates


Detecting CXX [-std=c++98] compiler features compiled with the following output:
Change Dir: /mnt/sda1/Program Codes/GitRepository/GitHubByxl9605/ICT-TianYan_AndroidCDS/AndroidCDS_Client/app/.externalNativeBuild/cmake/debug/armeabi-v7a/CMakeFiles/CMakeTmp

Run Build Command:"/usr/local/bin/ninja" "cmTC_58f5c"
[1/2] Building CXX object CMakeFiles/cmTC_58f5c.dir/feature_tests.cxx.o
[2/2] Linking CXX executable cmTC_58f5c


    Feature record: CXX_FEATURE:0cxx_aggregate_default_initializers
    Feature record: CXX_FEATURE:0cxx_alias_templates
    Feature record: CXX_FEATURE:0cxx_alignas
    Feature record: CXX_FEATURE:0cxx_alignof
    Feature record: CXX_FEATURE:0cxx_attributes
    Feature record: CXX_FEATURE:0cxx_attribute_deprecated
    Feature record: CXX_FEATURE:0cxx_auto_type
    Feature record: CXX_FEATURE:0cxx_binary_literals
    Feature record: CXX_FEATURE:0cxx_constexpr
    Feature record: CXX_FEATURE:0cxx_contextual_conversions
    Feature record: CXX_FEATURE:0cxx_decltype
    Feature record: CXX_FEATURE:0cxx_decltype_auto
    Feature record: CXX_FEATURE:0cxx_decltype_incomplete_return_types
    Feature record: CXX_FEATURE:0cxx_default_function_template_args
    Feature record: CXX_FEATURE:0cxx_defaulted_functions
    Feature record: CXX_FEATURE:0cxx_defaulted_move_initializers
    Feature record: CXX_FEATURE:0cxx_delegating_constructors
    Feature record: CXX_FEATURE:0cxx_deleted_functions
    Feature record: CXX_FEATURE:0cxx_digit_separators
    Feature record: CXX_FEATURE:0cxx_enum_forward_declarations
    Feature record: CXX_FEATURE:0cxx_explicit_conversions
    Feature record: CXX_FEATURE:0cxx_extended_friend_declarations
    Feature record: CXX_FEATURE:0cxx_extern_templates
    Feature record: CXX_FEATURE:0cxx_final
    Feature record: CXX_FEATURE:0cxx_func_identifier
    Feature record: CXX_FEATURE:0cxx_generalized_initializers
    Feature record: CXX_FEATURE:0cxx_generic_lambdas
    Feature record: CXX_FEATURE:0cxx_inheriting_constructors
    Feature record: CXX_FEATURE:0cxx_inline_namespaces
    Feature record: CXX_FEATURE:0cxx_lambdas
    Feature record: CXX_FEATURE:0cxx_lambda_init_captures
    Feature record: CXX_FEATURE:0cxx_local_type_template_args
    Feature record: CXX_FEATURE:0cxx_long_long_type
    Feature record: CXX_FEATURE:0cxx_noexcept
    Feature record: CXX_FEATURE:0cxx_nonstatic_member_init
    Feature record: CXX_FEATURE:0cxx_nullptr
    Feature record: CXX_FEATURE:0cxx_override
    Feature record: CXX_FEATURE:0cxx_range_for
    Feature record: CXX_FEATURE:0cxx_raw_string_literals
    Feature record: CXX_FEATURE:0cxx_reference_qualified_functions
    Feature record: CXX_FEATURE:0cxx_relaxed_constexpr
    Feature record: CXX_FEATURE:0cxx_return_type_deduction
    Feature record: CXX_FEATURE:0cxx_right_angle_brackets
    Feature record: CXX_FEATURE:0cxx_rvalue_references
    Feature record: CXX_FEATURE:0cxx_sizeof_member
    Feature record: CXX_FEATURE:0cxx_static_assert
    Feature record: CXX_FEATURE:0cxx_strong_enums
    Feature record: CXX_FEATURE:1cxx_template_template_parameters
    Feature record: CXX_FEATURE:0cxx_thread_local
    Feature record: CXX_FEATURE:0cxx_trailing_return_types
    Feature record: CXX_FEATURE:0cxx_unicode_literals
    Feature record: CXX_FEATURE:0cxx_uniform_initialization
    Feature record: CXX_FEATURE:0cxx_unrestricted_unions
    Feature record: CXX_FEATURE:0cxx_user_literals
    Feature record: CXX_FEATURE:0cxx_variable_templates
    Feature record: CXX_FEATURE:0cxx_variadic_macros
    Feature record: CXX_FEATURE:0cxx_variadic_templates
